<?xml version="1.0" encoding="UTF-8"?>
<!-- Generated by org.testng.reporters.JUnitXMLReporter -->
<testsuite hostname="DESKTOP-88FL1HP" ignored="0" name="Test" tests="3" failures="0" timestamp="09 May 2020 16:15:03 GMT" time="183.297" errors="0">
  <testcase name="testEligibilityPage" time="39.83" classname="scripts.TestEligibilityPage"/>
  <testcase name="testValidLogin" time="19.654" classname="scripts.TestValidLoginPage"/>
  <testcase name="testValidLogin" time="26.278" classname="scripts.TestValidLoginPage"/>
</testsuite> <!-- Test -->
